2023-08-15 02:57:14,486 - \u25b6\ufe0f  Running APP__save-screenshot.py
2023-08-15 02:57:14,487 - |    Time begin: 20230815025714
2023-08-15 02:57:14,487 - |    |    T62: tMZJBJ2
2023-08-15 02:57:14,488 - 
||||||||||||||||||||||||||||||||||||||||||

2023-08-15 02:57:14,489 - |    \u25b6\ufe0f  INITIALIZING
2023-08-15 02:57:14,490 - |    |    \U0001f4c2  Script path: o:\DAT\GitHub\_adamkennedy7\APP__IMG__save_screenshot\APP__save-screenshot.py
2023-08-15 02:57:14,491 - |    |    |    SYSTEM_INFO
2023-08-15 02:57:14,493 - |    |    |    \u2139\ufe0f  |||||||||||||||||||||||||||||||||||||||||||||||||||||||||||||||||||||||||||||||||||||
2023-08-15 02:57:14,494 - |    |    |    \u2139\ufe0f  |   Key                    |   Value                                                |
2023-08-15 02:57:14,495 - |    |    |    \u2139\ufe0f  |||||||||||||||||||||||||||||||||||||||||||||||||||||||||||||||||||||||||||||||||||||
2023-08-15 02:57:14,496 - |    |    |    \u2139\ufe0f  |   System                 |   Windows                                              |
2023-08-15 02:57:14,497 - |    |    |    \u2139\ufe0f  |   Node Name              |   CLIPPY-3                                             |
2023-08-15 02:57:14,498 - |    |    |    \u2139\ufe0f  |   Release                |   10                                                   |
2023-08-15 02:57:14,499 - |    |    |    \u2139\ufe0f  |   Version                |   10.0.19045                                           |
2023-08-15 02:57:14,500 - |    |    |    \u2139\ufe0f  |   Machine                |   AMD64                                                |
2023-08-15 02:57:14,502 - |    |    |    \u2139\ufe0f  |   Processor (Platform)   |   Intel64 Family 6 Model 58 Stepping 9, GenuineIntel   |
2023-08-15 02:57:14,503 - |    |    |    \u2139\ufe0f  |   Processor (PSUtil)     |   2901.0                                               |
2023-08-15 02:57:14,507 - |    |    |    \u2139\ufe0f  |   Physical Cores         |   2                                                    |
2023-08-15 02:57:14,508 - |    |    |    \u2139\ufe0f  |   Logical Cores          |   4                                                    |
2023-08-15 02:57:14,509 - |    |    |    \u2139\ufe0f  |||||||||||||||||||||||||||||||||||||||||||||||||||||||||||||||||||||||||||||||||||||
2023-08-15 02:57:14,510 - |    |    |    \U0001f310  NETWORK_INFO
2023-08-15 02:57:14,510 - |    |    |    coming soon
2023-08-15 02:57:14,511 - |    |    |    DISPLAY_INFO
2023-08-15 02:57:14,530 - |    |    |    \U0001f5a5\ufe0f  |||||||||||||||||||||||||||||||||||||
2023-08-15 02:57:14,531 - |    |    |    \U0001f5a5\ufe0f  |   Key          |   Value          |
2023-08-15 02:57:14,532 - |    |    |    \U0001f5a5\ufe0f  |||||||||||||||||||||||||||||||||||||
2023-08-15 02:57:14,533 - |    |    |    \U0001f5a5\ufe0f  |   name         |   \\.\DISPLAY1   |
2023-08-15 02:57:14,534 - |    |    |    \U0001f5a5\ufe0f  |   width        |   1920           |
2023-08-15 02:57:14,536 - |    |    |    \U0001f5a5\ufe0f  |   height       |   1080           |
2023-08-15 02:57:14,537 - |    |    |    \U0001f5a5\ufe0f  |   width_mm     |   1430           |
2023-08-15 02:57:14,539 - |    |    |    \U0001f5a5\ufe0f  |   height_mm    |   800            |
2023-08-15 02:57:14,540 - |    |    |    \U0001f5a5\ufe0f  |   is_primary   |   True           |
2023-08-15 02:57:14,542 - |    |    |    \U0001f5a5\ufe0f  |||||||||||||||||||||||||||||||||||||
2023-08-15 02:57:14,543 - |    |    Logging to ------ o:\DAT\GitHub\_adamkennedy7\APP__IMG__save_screenshot\LOG
2023-08-15 02:57:14,544 - |    |    \u23f1\ufe0f  0.0956800000 sec
2023-08-15 02:57:14,545 - |    \U0001f4f7  CAPTURING
2023-08-15 02:57:14,546 - |    |    Capturing a screenshot..
2023-08-15 02:57:14,624 - |    |    |    \u21aa\ufe0f  ||||||||||||||||||||||||||||||||||||||||||||
2023-08-15 02:57:14,625 - |    |    |    \u21aa\ufe0f  |   Key                |   Value           |
2023-08-15 02:57:14,627 - |    |    |    \u21aa\ufe0f  ||||||||||||||||||||||||||||||||||||||||||||
2023-08-15 02:57:14,628 - |    |    |    \u21aa\ufe0f  |   Image Size         |   (1920, 1080)    |
2023-08-15 02:57:14,630 - |    |    |    \u21aa\ufe0f  |   Color Mode         |   RGB             |
2023-08-15 02:57:14,631 - |    |    |    \u21aa\ufe0f  |   Memory Address     |   0x18b29efd490   |
2023-08-15 02:57:14,632 - |    |    |    \u21aa\ufe0f  |   Image Format       |   None            |
2023-08-15 02:57:14,633 - |    |    |    \u21aa\ufe0f  |   Meta Information   |   {}              |
2023-08-15 02:57:14,634 - |    |    |    \u21aa\ufe0f  ||||||||||||||||||||||||||||||||||||||||||||
2023-08-15 02:57:14,637 - |    |    |    \u2714\ufe0f  at 0.1878356000 sec
2023-08-15 02:57:14,638 - |    |    Saving screenshot to IMG
2023-08-15 02:57:14,827 - |    |    |    IMG saved o:\DAT\GitHub\_adamkennedy7\APP__IMG__save_screenshot\IMG\IMG__20230815025714.png
2023-08-15 02:57:14,831 - |    |    |    |    IMG file count: 2
2023-08-15 02:57:14,832 - |    |    |    \u2714\ufe0f  at 0.3836507000 sec
2023-08-15 02:57:14,834 - |    \U0001f5bc\ufe0f  CAPTURED SUCCESSFULLY in 0.0982704000 seconds.
2023-08-15 02:57:14,835 - |    |    Analyzing IMG file..
2023-08-15 02:57:15,175 - |    |    |    \U0001f52c  |||||||||||||||||||||||||||||||||||||||||||||||||||||||
2023-08-15 02:57:15,176 - |    |    |    \U0001f52c  |   Key          |   Value                            |
2023-08-15 02:57:15,177 - |    |    |    \U0001f52c  |||||||||||||||||||||||||||||||||||||||||||||||||||||||
2023-08-15 02:57:15,179 - |    |    |    \U0001f52c  |   Resolution   |   1920x1080                        |
2023-08-15 02:57:15,180 - |    |    |    \U0001f52c  |   File Size    |   244.93 KB                        |
2023-08-15 02:57:15,180 - |    |    |    \U0001f52c  |   Mean Color   |   ------------------------------   |
2023-08-15 02:57:15,182 - |    |    |    \U0001f52c  |                |   | Index | Value              |   |
2023-08-15 02:57:15,183 - |    |    |    \U0001f52c  |                |   ------------------------------   |
2023-08-15 02:57:15,186 - |    |    |    \U0001f52c  |                |   | 0     | 10.676447241512346 |   |
2023-08-15 02:57:15,187 - |    |    |    \U0001f52c  |                |   | 1     | 11.549438175154322 |   |
2023-08-15 02:57:15,189 - |    |    |    \U0001f52c  |                |   | 2     | 11.619192226080246 |   |
2023-08-15 02:57:15,192 - |    |    |    \U0001f52c  |                |   ------------------------------   |
2023-08-15 02:57:15,195 - |    |    |    \U0001f52c  |   Extrema      |   --------------------             |
2023-08-15 02:57:15,196 - |    |    |    \U0001f52c  |                |   | Index | Value    |             |
2023-08-15 02:57:15,197 - |    |    |    \U0001f52c  |                |   --------------------             |
2023-08-15 02:57:15,198 - |    |    |    \U0001f52c  |                |   | 0     | (0, 255) |             |
2023-08-15 02:57:15,199 - |    |    |    \U0001f52c  |                |   | 1     | (0, 255) |             |
2023-08-15 02:57:15,200 - |    |    |    \U0001f52c  |                |   | 2     | (0, 255) |             |
2023-08-15 02:57:15,201 - |    |    |    \U0001f52c  |                |   --------------------             |
2023-08-15 02:57:15,204 - |    |    |    \U0001f52c  |   Brightness   |   11.294350405092592               |
2023-08-15 02:57:15,207 - |    |    |    \U0001f52c  |   Contrast     |   11.294350405092592               |
2023-08-15 02:57:15,208 - |    |    |    \U0001f52c  |   Sharpness    |   11.294350405092592               |
2023-08-15 02:57:15,209 - |    |    |    \U0001f52c  |   Entropy      |   2.392775744241791                |
2023-08-15 02:57:15,210 - |    |    |    \U0001f52c  |||||||||||||||||||||||||||||||||||||||||||||||||||||||
2023-08-15 02:57:15,213 - |    |    |    \u2714\ufe0f  at 0.7630273000 sec
2023-08-15 02:57:15,214 - 
||||||||||||||||||||||||||||||||||||||||||

2023-08-15 02:57:15,215 - \u2705  COMPLETE
2023-08-15 02:57:15,216 - |    \u2935\ufe0f  IMG__SCREENSHOT saved to o:\DAT\GitHub\_adamkennedy7\APP__IMG__save_screenshot\IMG
2023-08-15 02:57:15,217 - |    \u23f9\ufe0f  Completed APP__save-screenshot.py at o:\DAT\GitHub\_adamkennedy7\APP__IMG__save_screenshot
2023-08-15 02:57:15,218 - |    |    \u231a  Run time 0.7689381000 seconds
2023-08-15 02:57:15,223 - |    |    |    T62=tMZJC0i
2023-08-15 02:57:15,225 - 
||||||||||||||||||||||||||||||||||||||||||

