2023-08-15 02:47:26,578 - \u25b6\ufe0f  Running APP__save-screenshot.py
2023-08-15 02:47:26,579 - |    Time begin: 20230815024726
2023-08-15 02:47:26,580 - |    |    T62: tMZH8KY
2023-08-15 02:47:26,581 - 
||||||||||||||||||||||||||||||||||||||||||

2023-08-15 02:47:26,582 - |    \u25b6\ufe0f  INITIALIZING
2023-08-15 02:47:26,583 - |    |    \U0001f4c2  Script path: o:\DAT\OneDrive\CODE\py\APP__IMG__save-screenshot\APP__save-screenshot__v230813.py
2023-08-15 02:47:26,584 - |    |    |    SYSTEM_INFO
2023-08-15 02:47:26,587 - |    |    |    \u2139\ufe0f  |||||||||||||||||||||||||||||||||||||||||||||||||||||||||||||||||||||||||||||||||||||
2023-08-15 02:47:26,588 - |    |    |    \u2139\ufe0f  |   Key                    |   Value                                                |
2023-08-15 02:47:26,590 - |    |    |    \u2139\ufe0f  |||||||||||||||||||||||||||||||||||||||||||||||||||||||||||||||||||||||||||||||||||||
2023-08-15 02:47:26,592 - |    |    |    \u2139\ufe0f  |   System                 |   Windows                                              |
2023-08-15 02:47:26,593 - |    |    |    \u2139\ufe0f  |   Node Name              |   CLIPPY-3                                             |
2023-08-15 02:47:26,594 - |    |    |    \u2139\ufe0f  |   Release                |   10                                                   |
2023-08-15 02:47:26,595 - |    |    |    \u2139\ufe0f  |   Version                |   10.0.19045                                           |
2023-08-15 02:47:26,596 - |    |    |    \u2139\ufe0f  |   Machine                |   AMD64                                                |
2023-08-15 02:47:26,598 - |    |    |    \u2139\ufe0f  |   Processor (Platform)   |   Intel64 Family 6 Model 58 Stepping 9, GenuineIntel   |
2023-08-15 02:47:26,601 - |    |    |    \u2139\ufe0f  |   Processor (PSUtil)     |   2901.0                                               |
2023-08-15 02:47:26,603 - |    |    |    \u2139\ufe0f  |   Physical Cores         |   2                                                    |
2023-08-15 02:47:26,604 - |    |    |    \u2139\ufe0f  |   Logical Cores          |   4                                                    |
2023-08-15 02:47:26,606 - |    |    |    \u2139\ufe0f  |||||||||||||||||||||||||||||||||||||||||||||||||||||||||||||||||||||||||||||||||||||
2023-08-15 02:47:26,608 - |    |    |    \U0001f310  NETWORK_INFO
2023-08-15 02:47:26,611 - |    |    |    coming soon
2023-08-15 02:47:26,612 - |    |    |    DISPLAY_INFO
2023-08-15 02:47:26,637 - |    |    |    \U0001f5a5\ufe0f  |||||||||||||||||||||||||||||||||||||
2023-08-15 02:47:26,638 - |    |    |    \U0001f5a5\ufe0f  |   Key          |   Value          |
2023-08-15 02:47:26,640 - |    |    |    \U0001f5a5\ufe0f  |||||||||||||||||||||||||||||||||||||
2023-08-15 02:47:26,642 - |    |    |    \U0001f5a5\ufe0f  |   name         |   \\.\DISPLAY1   |
2023-08-15 02:47:26,644 - |    |    |    \U0001f5a5\ufe0f  |   width        |   1920           |
2023-08-15 02:47:26,645 - |    |    |    \U0001f5a5\ufe0f  |   height       |   1080           |
2023-08-15 02:47:26,646 - |    |    |    \U0001f5a5\ufe0f  |   width_mm     |   1430           |
2023-08-15 02:47:26,648 - |    |    |    \U0001f5a5\ufe0f  |   height_mm    |   800            |
2023-08-15 02:47:26,649 - |    |    |    \U0001f5a5\ufe0f  |   is_primary   |   True           |
2023-08-15 02:47:26,650 - |    |    |    \U0001f5a5\ufe0f  |||||||||||||||||||||||||||||||||||||
2023-08-15 02:47:26,651 - |    |    Logging to ------ o:\DAT\OneDrive\CODE\py\APP__IMG__save-screenshot\LOG
2023-08-15 02:47:26,652 - |    |    \u23f1\ufe0f  0.1079029000 sec
2023-08-15 02:47:26,653 - |    \U0001f4f7  CAPTURING
2023-08-15 02:47:26,655 - |    |    Capturing a screenshot..
2023-08-15 02:47:26,751 - |    |    |    \u21aa\ufe0f  ||||||||||||||||||||||||||||||||||||||||||||
2023-08-15 02:47:26,761 - |    |    |    \u21aa\ufe0f  |   Key                |   Value           |
2023-08-15 02:47:26,763 - |    |    |    \u21aa\ufe0f  ||||||||||||||||||||||||||||||||||||||||||||
2023-08-15 02:47:26,765 - |    |    |    \u21aa\ufe0f  |   Image Size         |   (1920, 1080)    |
2023-08-15 02:47:26,768 - |    |    |    \u21aa\ufe0f  |   Color Mode         |   RGB             |
2023-08-15 02:47:26,781 - |    |    |    \u21aa\ufe0f  |   Memory Address     |   0x1dad391d410   |
2023-08-15 02:47:26,794 - |    |    |    \u21aa\ufe0f  |   Image Format       |   None            |
2023-08-15 02:47:26,802 - |    |    |    \u21aa\ufe0f  |   Meta Information   |   {}              |
2023-08-15 02:47:26,840 - |    |    |    \u21aa\ufe0f  ||||||||||||||||||||||||||||||||||||||||||||
2023-08-15 02:47:26,861 - |    |    |    \u2714\ufe0f  at 0.3030577000 sec
2023-08-15 02:47:26,883 - |    |    Saving screenshot to IMG
2023-08-15 02:47:27,313 - |    |    |    IMG saved o:\DAT\OneDrive\CODE\py\APP__IMG__save-screenshot\IMG\IMG__20230815024726.png
2023-08-15 02:47:27,366 - |    |    |    |    IMG file count: 264
2023-08-15 02:47:27,367 - |    |    |    \u2714\ufe0f  at 0.8227436000 sec
2023-08-15 02:47:27,370 - |    \U0001f5bc\ufe0f  CAPTURED SUCCESSFULLY in 0.1128780000 seconds.
2023-08-15 02:47:27,379 - |    |    Analyzing IMG file..
2023-08-15 02:47:27,926 - |    |    |    \U0001f52c  |||||||||||||||||||||||||||||||||||||||||||||||||||||||
2023-08-15 02:47:27,927 - |    |    |    \U0001f52c  |   Key          |   Value                            |
2023-08-15 02:47:27,929 - |    |    |    \U0001f52c  |||||||||||||||||||||||||||||||||||||||||||||||||||||||
2023-08-15 02:47:27,930 - |    |    |    \U0001f52c  |   Resolution   |   1920x1080                        |
2023-08-15 02:47:27,931 - |    |    |    \U0001f52c  |   File Size    |   236.43 KB                        |
2023-08-15 02:47:27,932 - |    |    |    \U0001f52c  |   Mean Color   |   ------------------------------   |
2023-08-15 02:47:27,933 - |    |    |    \U0001f52c  |                |   | Index | Value              |   |
2023-08-15 02:47:27,935 - |    |    |    \U0001f52c  |                |   ------------------------------   |
2023-08-15 02:47:27,936 - |    |    |    \U0001f52c  |                |   | 0     | 10.672165798611111 |   |
2023-08-15 02:47:27,943 - |    |    |    \U0001f52c  |                |   | 1     | 11.367565104166667 |   |
2023-08-15 02:47:27,949 - |    |    |    \U0001f52c  |                |   | 2     | 11.598555169753086 |   |
2023-08-15 02:47:27,951 - |    |    |    \U0001f52c  |                |   ------------------------------   |
2023-08-15 02:47:27,952 - |    |    |    \U0001f52c  |   Extrema      |   --------------------             |
2023-08-15 02:47:27,961 - |    |    |    \U0001f52c  |                |   | Index | Value    |             |
2023-08-15 02:47:27,967 - |    |    |    \U0001f52c  |                |   --------------------             |
2023-08-15 02:47:27,977 - |    |    |    \U0001f52c  |                |   | 0     | (0, 255) |             |
2023-08-15 02:47:27,984 - |    |    |    \U0001f52c  |                |   | 1     | (0, 255) |             |
2023-08-15 02:47:27,985 - |    |    |    \U0001f52c  |                |   | 2     | (0, 255) |             |
2023-08-15 02:47:27,989 - |    |    |    \U0001f52c  |                |   --------------------             |
2023-08-15 02:47:27,992 - |    |    |    \U0001f52c  |   Brightness   |   11.183359857253086               |
2023-08-15 02:47:27,996 - |    |    |    \U0001f52c  |   Contrast     |   11.183359857253086               |
2023-08-15 02:47:27,999 - |    |    |    \U0001f52c  |   Sharpness    |   11.183359857253086               |
2023-08-15 02:47:28,001 - |    |    |    \U0001f52c  |   Entropy      |   2.4134689232455924               |
2023-08-15 02:47:28,013 - |    |    |    \U0001f52c  |||||||||||||||||||||||||||||||||||||||||||||||||||||||
2023-08-15 02:47:28,016 - |    |    |    \u2714\ufe0f  at 1.4716418000 sec
2023-08-15 02:47:28,020 - 
||||||||||||||||||||||||||||||||||||||||||

2023-08-15 02:47:28,026 - \u2705  COMPLETE
2023-08-15 02:47:28,028 - |    \u2935\ufe0f  IMG__SCREENSHOT saved to o:\DAT\OneDrive\CODE\py\APP__IMG__save-screenshot\IMG
2023-08-15 02:47:28,031 - |    \u23f9\ufe0f  Completed APP__save-screenshot.py at o:\DAT\OneDrive\CODE\py\APP__IMG__save-screenshot
2023-08-15 02:47:28,033 - |    |    \u231a  Run time 1.4886623000 seconds
2023-08-15 02:47:28,035 - |    |    |    T62=tMZH9fA
2023-08-15 02:47:28,039 - 
||||||||||||||||||||||||||||||||||||||||||

